<?xml version="1.0" encoding="UTF-8"?>
<coverage generated="1706298125142" clover="3.2.0">
  <project timestamp="1706298125142" name="All files">
    <metrics statements="17" coveredstatements="9" conditionals="4" coveredconditionals="2" methods="8" coveredmethods="1" elements="29" coveredelements="12" complexity="0" loc="17" ncloc="17" packages="2" files="2" classes="2"/>
    <package name="components">
      <metrics statements="12" coveredstatements="7" conditionals="4" coveredconditionals="2" methods="5" coveredmethods="1"/>
      <file name="Menu.js" path="/Users/deveshkumar/Desktop/Foodie/src/components/Menu.js">
        <metrics statements="12" coveredstatements="7" conditionals="4" coveredconditionals="2" methods="5" coveredmethods="1"/>
        <line num="9" count="1" type="stmt"/>
        <line num="11" count="6" type="stmt"/>
        <line num="12" count="5" type="stmt"/>
        <line num="13" count="5" type="stmt"/>
        <line num="14" count="5" type="stmt"/>
        <line num="15" count="5" type="cond" truecount="2" falsecount="0"/>
        <line num="17" count="4" type="stmt"/>
        <line num="18" count="0" type="stmt"/>
        <line num="19" count="0" type="stmt"/>
        <line num="35" count="0" type="stmt"/>
        <line num="45" count="0" type="stmt"/>
        <line num="47" count="0" type="stmt"/>
      </file>
    </package>
    <package name="utils">
      <metrics statements="5" coveredstatements="2" conditionals="0" coveredconditionals="0" methods="3" coveredmethods="0"/>
      <file name="cartSlice.js" path="/Users/deveshkumar/Desktop/Foodie/src/utils/cartSlice.js">
        <metrics statements="5" coveredstatements="2" conditionals="0" coveredconditionals="0" methods="3" coveredmethods="0"/>
        <line num="4" count="1" type="stmt"/>
        <line num="11" count="0" type="stmt"/>
        <line num="14" count="0" type="stmt"/>
        <line num="17" count="0" type="stmt"/>
        <line num="21" count="1" type="stmt"/>
      </file>
    </package>
  </project>
</coverage>
