{"/Users/deveshkumar/Desktop/Foodie/src/components/Menu.js": {"path":"/Users/deveshkumar/Desktop/Foodie/src/components/Menu.js","statementMap":{"0":{"start":{"line":9,"column":13},"end":{"line":52,"column":1}},"1":{"start":{"line":11,"column":20},"end":{"line":11,"column":31}},"2":{"start":{"line":12,"column":20},"end":{"line":12,"column":44}},"3":{"start":{"line":13,"column":37},"end":{"line":13,"column":51}},"4":{"start":{"line":14,"column":21},"end":{"line":14,"column":197}},"5":{"start":{"line":14,"column":99},"end":{"line":14,"column":196}},"6":{"start":{"line":15,"column":4},"end":{"line":15,"column":44}},"7":{"start":{"line":15,"column":26},"end":{"line":15,"column":44}},"8":{"start":{"line":17,"column":105},"end":{"line":17,"column":140}},"9":{"start":{"line":18,"column":24},"end":{"line":18,"column":85}},"10":{"start":{"line":19,"column":4},"end":{"line":51,"column":5}},"11":{"start":{"line":35,"column":20},"end":{"line":35,"column":82}},"12":{"start":{"line":45,"column":20},"end":{"line":47,"column":60}},"13":{"start":{"line":47,"column":38},"end":{"line":47,"column":57}}},"fnMap":{"0":{"name":"(anonymous_0)","decl":{"start":{"line":9,"column":13},"end":{"line":9,"column":14}},"loc":{"start":{"line":9,"column":18},"end":{"line":52,"column":1}},"line":9},"1":{"name":"(anonymous_1)","decl":{"start":{"line":14,"column":87},"end":{"line":14,"column":88}},"loc":{"start":{"line":14,"column":99},"end":{"line":14,"column":196}},"line":14},"2":{"name":"(anonymous_2)","decl":{"start":{"line":34,"column":37},"end":{"line":34,"column":38}},"loc":{"start":{"line":35,"column":20},"end":{"line":35,"column":82}},"line":35},"3":{"name":"(anonymous_3)","decl":{"start":{"line":44,"column":30},"end":{"line":44,"column":31}},"loc":{"start":{"line":45,"column":20},"end":{"line":47,"column":60}},"line":45},"4":{"name":"(anonymous_4)","decl":{"start":{"line":47,"column":34},"end":{"line":47,"column":35}},"loc":{"start":{"line":47,"column":38},"end":{"line":47,"column":57}},"line":47}},"branchMap":{"0":{"loc":{"start":{"line":15,"column":4},"end":{"line":15,"column":44}},"type":"if","locations":[{"start":{"line":15,"column":4},"end":{"line":15,"column":44}},{"start":{},"end":{}}],"line":15},"1":{"loc":{"start":{"line":46,"column":31},"end":{"line":46,"column":64}},"type":"cond-expr","locations":[{"start":{"line":46,"column":53},"end":{"line":46,"column":57}},{"start":{"line":46,"column":59},"end":{"line":46,"column":64}}],"line":46}},"s":{"0":1,"1":6,"2":5,"3":5,"4":5,"5":0,"6":5,"7":1,"8":4,"9":0,"10":0,"11":0,"12":0,"13":0},"f":{"0":6,"1":0,"2":0,"3":0,"4":0},"b":{"0":[1,4],"1":[0,0]},"_coverageSchema":"1a1c01bbd47fc00a2c39e90264f33305004495a9","hash":"54f50be0794398502fe8bd7bb8dafbff0dbcd694"}
,"/Users/deveshkumar/Desktop/Foodie/src/utils/cartSlice.js": {"path":"/Users/deveshkumar/Desktop/Foodie/src/utils/cartSlice.js","statementMap":{"0":{"start":{"line":4,"column":18},"end":{"line":20,"column":2}},"1":{"start":{"line":11,"column":12},"end":{"line":11,"column":45}},"2":{"start":{"line":14,"column":12},"end":{"line":14,"column":30}},"3":{"start":{"line":17,"column":12},"end":{"line":17,"column":35}},"4":{"start":{"line":21,"column":46},"end":{"line":21,"column":63}}},"fnMap":{"0":{"name":"(anonymous_0)","decl":{"start":{"line":10,"column":18},"end":{"line":10,"column":19}},"loc":{"start":{"line":10,"column":35},"end":{"line":12,"column":9}},"line":10},"1":{"name":"(anonymous_1)","decl":{"start":{"line":13,"column":21},"end":{"line":13,"column":22}},"loc":{"start":{"line":13,"column":38},"end":{"line":15,"column":9}},"line":13},"2":{"name":"(anonymous_2)","decl":{"start":{"line":16,"column":20},"end":{"line":16,"column":21}},"loc":{"start":{"line":16,"column":37},"end":{"line":18,"column":9}},"line":16}},"branchMap":{},"s":{"0":1,"1":0,"2":0,"3":0,"4":1},"f":{"0":0,"1":0,"2":0},"b":{},"_coverageSchema":"1a1c01bbd47fc00a2c39e90264f33305004495a9","hash":"1649a7133a1326d1e44b89b857f58003ca2c1a54"}
}
